<?xml version="1.0" encoding="UTF-8"?>
<testng-results skipped="0" failed="0" total="1" passed="1">
  <reporter-output>
  </reporter-output>
  <suite name="Default suite" duration-ms="5122" started-at="2017-10-04T17:45:01Z" finished-at="2017-10-04T17:45:06Z">
    <groups>
    </groups>
    <test name="Default test" duration-ms="5122" started-at="2017-10-04T17:45:01Z" finished-at="2017-10-04T17:45:06Z">
      <class name="flip.api.businesslayer.BusinessLayer.AppTest">
        <test-method status="PASS" signature="initialize()[pri:0, instance:flip.api.businesslayer.BusinessLayer.AppTest@5ec0a365]" name="initialize" is-config="true" duration-ms="206" started-at="2017-10-04T23:15:01Z" finished-at="2017-10-04T23:15:02Z">
          <reporter-output>
          </reporter-output>
        </test-method> <!-- initialize -->
        <test-method status="PASS" signature="createAnnouncement()[pri:0, instance:flip.api.businesslayer.BusinessLayer.AppTest@5ec0a365]" name="createAnnouncement" duration-ms="4903" started-at="2017-10-04T23:15:02Z" finished-at="2017-10-04T23:15:06Z">
          <reporter-output>
          </reporter-output>
        </test-method> <!-- createAnnouncement -->
        <test-method status="PASS" signature="CloseProcesses()[pri:0, instance:flip.api.businesslayer.BusinessLayer.AppTest@5ec0a365]" name="CloseProcesses" is-config="true" duration-ms="0" started-at="2017-10-04T23:15:06Z" finished-at="2017-10-04T23:15:06Z">
          <reporter-output>
          </reporter-output>
        </test-method> <!-- CloseProcesses -->
      </class> <!-- flip.api.businesslayer.BusinessLayer.AppTest -->
    </test> <!-- Default test -->
  </suite> <!-- Default suite -->
</testng-results>
