-------------------------------------------------------------------------------
Test set: flip.api.businesslayer.BusinessLayer.AppTest
-------------------------------------------------------------------------------
Tests run: 26, Failures: 1, Errors: 0, Skipped: 0, Time elapsed: 42.179 sec <<< FAILURE!
getUserByUuid(flip.api.businesslayer.BusinessLayer.AppTest)  Time elapsed: 1.799 sec  <<< FAILURE!
org.json.JSONException: JSONObject["user"] not found.
	at org.json.JSONObject.get(JSONObject.java:472)
	at org.json.JSONObject.getJSONArray(JSONObject.java:619)
	at flip.api.businesslayer.BusinessLayer.AppTest.getUserByUuid(AppTest.java:221)

