<?xml version="1.0" encoding="UTF-8"?>
<testsuite name="TestSuite" time="0.3" tests="1" errors="0" skipped="0" failures="1">
  <properties>
[...]
</properties>
  <testcase name="executeAndVerifyResult" classname="flip.api.businesslayer.BusinessLayer.AppTest" time="0.3">
    <failure type="java.lang.NullPointerException:">java.lang.NullPointerException: null
	at flip.api.businesslayer.BusinessLayer.AppTest.executeAndVerifyResult(AppTest.java:35)
</failure>
    <system-out><![CDATA[[TestNG] [WARN] Ignoring duplicate listener : org.uncommons.reportng.HTMLReporter
[TestNG] [WARN] Ignoring duplicate listener : org.uncommons.reportng.JUnitXMLReporter
Row count 119
]]></system-out>
    <system-err><![CDATA[java.lang.IllegalStateException: Cannot get a text value from a numeric cell
	at org.apache.poi.hssf.usermodel.HSSFCell.typeMismatch(HSSFCell.java:643)
	at org.apache.poi.hssf.usermodel.HSSFCell.getRichStringCellValue(HSSFCell.java:720)
	at org.apache.poi.hssf.usermodel.HSSFCell.getStringCellValue(HSSFCell.java:703)
	at util.Xls_Reader.getCellData(Xls_Reader.java:83)
	at flip.api.businesslayer.BusinessLayer.AppTest.executeAndVerifyResult(AppTest.java:35)
	at sun.reflect.NativeMethodAccessorImpl.invoke0(Native Method)
	at sun.reflect.NativeMethodAccessorImpl.invoke(NativeMethodAccessorImpl.java:62)
	at sun.reflect.DelegatingMethodAccessorImpl.invoke(DelegatingMethodAccessorImpl.java:43)
	at java.lang.reflect.Method.invoke(Method.java:498)
	at org.testng.internal.MethodInvocationHelper.invokeMethod(MethodInvocationHelper.java:108)
	at org.testng.internal.Invoker.invokeMethod(Invoker.java:661)
	at org.testng.internal.Invoker.invokeTestMethod(Invoker.java:869)
	at org.testng.internal.Invoker.invokeTestMethods(Invoker.java:1193)
	at org.testng.internal.TestMethodWorker.invokeTestMethods(TestMethodWorker.java:126)
	at org.testng.internal.TestMethodWorker.run(TestMethodWorker.java:109)
	at org.testng.TestRunner.privateRun(TestRunner.java:744)
	at org.testng.TestRunner.run(TestRunner.java:602)
	at org.testng.SuiteRunner.runTest(SuiteRunner.java:380)
	at org.testng.SuiteRunner.access$000(SuiteRunner.java:39)
	at org.testng.SuiteRunner$SuiteWorker.run(SuiteRunner.java:414)
	at org.testng.internal.thread.ThreadUtil$1.call(ThreadUtil.java:52)
	at java.util.concurrent.FutureTask.run(FutureTask.java:266)
	at java.util.concurrent.ThreadPoolExecutor.runWorker(ThreadPoolExecutor.java:1142)
	at java.util.concurrent.ThreadPoolExecutor$Worker.run(ThreadPoolExecutor.java:617)
	at java.lang.Thread.run(Thread.java:748)
]]></system-err>
  </testcase>
</testsuite>