<?xml version="1.0" encoding="UTF-8"?>
<testsuite name="TestSuite" time="102.869" tests="1" errors="0" skipped="0" failures="1">
  <properties>
[...]
</properties>
  <testcase name="executeAndVerifyResult" classname="flip.api.businesslayer.BusinessLayer.AppTest" time="102.869">
    <failure type="java.lang.NullPointerException:">java.lang.NullPointerException: null
	at flip.api.businesslayer.BusinessLayer.AppTest.executeAndVerifyResult(AppTest.java:56)
</failure>
    <system-out><![CDATA[[TestNG] [WARN] Ignoring duplicate listener : org.uncommons.reportng.HTMLReporter
[TestNG] [WARN] Ignoring duplicate listener : org.uncommons.reportng.JUnitXMLReporter

*********************************************
Executing for getSchoolBySchoolCode
Status Code is 200
Fail

*********************************************
Executing for getSchoolBySchoolCode
Status Code is 200
Fail

*********************************************
Executing for getSchoolBySchoolCode
Status Code is 404
Fail

*********************************************
Executing for getSchoolBySchoolCode
Status Code is 200
Fail

*********************************************
Executing for getSchoolBySchoolCode
Status Code is 405
Pass

*********************************************
Executing for getSchoolBySchoolCode
Status Code is 405
Pass

*********************************************
Executing for getSchoolBySchoolCode
Status Code is 405
Fail

*********************************************
Executing for updateSectionByCode
Status Code is 200
Fail

*********************************************
Executing for updateSectionByCode
Status Code is 405
Pass

*********************************************
Executing for updateSectionByCode
Status Code is 200
Fail

*********************************************
Executing for updateSectionByCode
Status Code is 200
Fail

*********************************************
Executing for updateSectionByCode
Status Code is 200
Pass

*********************************************
Executing for updateSectionByCode
Status Code is 405
Pass

*********************************************
Executing for addSection
Status Code is 200
Fail

*********************************************
Executing for addSection
Status Code is 200
Pass

*********************************************
Executing for addSection
Status Code is 200
Pass

*********************************************
Executing for addSection
Status Code is 405
Pass

*********************************************
Executing for addSection
Status Code is 405
Pass

*********************************************
Executing for addSection
Status Code is 405
Fail

*********************************************
Executing for getSchoolBySchoolCode
Status Code is 200
Fail

*********************************************
Executing for getSchoolBySchoolCode
Status Code is 404
Fail

*********************************************
Executing for getSchoolBySchoolCode
Status Code is 200
Pass

*********************************************
Executing for getSchoolBySchoolCode
Status Code is 200
Pass

*********************************************
Executing for getSchoolBySchoolCode
Status Code is 405
Pass

*********************************************
Executing for getSchoolBySchoolCode
Status Code is 405
Pass

*********************************************
Executing for getSchoolBySchoolCode
Status Code is 405
Fail

*********************************************
Executing for removeReportCardTermData
Status Code is 200
Fail

*********************************************
Executing for removeReportCardTermData
Status Code is 200
Pass

*********************************************
Executing for removeReportCardTermData
Status Code is 200
Fail

*********************************************
Executing for removeReportCardTermData
Status Code is 405
Pass

*********************************************
Executing for removeReportCardTermData
Status Code is 405
Pass

*********************************************
Executing for removeReportCardTermData
Status Code is 200
Fail

*********************************************
Executing for mapSchoolSubjectToSection
Status Code is 200
Fail

*********************************************
Executing for mapSchoolSubjectToSection
Status Code is 200
Fail

*********************************************
Executing for mapSchoolSubjectToSection
Status Code is 200
Pass

*********************************************
Executing for mapSchoolSubjectToSection
Status Code is 200
Pass

*********************************************
Executing for mapSchoolSubjectToSection
Status Code is 200
Fail

*********************************************
Executing for mapSchoolSubjectToSection
Status Code is 405
Pass

*********************************************
Executing for mapSchoolSubjectToSection
Status Code is 200
Pass

*********************************************
Executing for mapSchoolSubjectToSection
Status Code is 405
Pass

*********************************************
Executing for mapSchoolSubjectToSection
Status Code is 405
Fail

*********************************************
Executing for getClassSectionSubjectDetail
Status Code is 200
Fail

*********************************************
Executing for getClassSectionSubjectDetail
Status Code is 200
Pass

*********************************************
Executing for getClassSectionSubjectDetail
Status Code is 200
Fail

*********************************************
Executing for getClassSectionSubjectDetail
Status Code is 405
Pass

*********************************************
Executing for getClassSectionSubjectDetail
Status Code is 405
Pass

*********************************************
Executing for getClassSectionSubjectDetail
Status Code is 405
Fail

*********************************************
Executing for removeAllSectionSubjectMapping
Status Code is 200
Pass

*********************************************
Executing for removeAllSectionSubjectMapping
Status Code is 200
Pass

*********************************************
Executing for removeAllSectionSubjectMapping
Status Code is 200
Pass

*********************************************
Executing for removeAllSectionSubjectMapping
Status Code is 405
Pass

*********************************************
Executing for removeAllSectionSubjectMapping
Status Code is 405
Pass

*********************************************
Executing for removeAllSectionSubjectMapping
Status Code is 200
Fail

*********************************************
Executing for insertReportCardStudent
Status Code is 200
Fail

*********************************************
Executing for insertReportCardStudent
Status Code is 200
Pass

*********************************************
Executing for insertReportCardStudent
Status Code is 200
Fail

*********************************************
Executing for insertReportCardStudent
Status Code is 200
Fail

*********************************************
Executing for insertReportCardStudent
Status Code is 200
Fail

*********************************************
Executing for insertReportCardStudent
Status Code is 200
Fail

*********************************************
Executing for insertReportCardStudent
Status Code is 200
Pass

*********************************************
Executing for insertReportCardStudent
Status Code is 200
Fail

*********************************************
Executing for insertReportCardStudent
Status Code is 200
Pass

*********************************************
Executing for insertReportCardStudent
Status Code is 200
Pass

*********************************************
Executing for insertReportCardStudent
Status Code is 200
Fail

*********************************************
Executing for insertReportCardStudent
Status Code is 200
Pass

*********************************************
Executing for downloadStudentMasterData
Status Code is 200
Fail

*********************************************
Executing for downloadStudentMasterData
Status Code is 200
Fail

*********************************************
Executing for downloadStudentMasterData
Status Code is 200
Fail

*********************************************
Executing for downloadStudentMasterData
Status Code is 404
Fail

*********************************************
Executing for downloadStudentMasterData
Status Code is 404
Fail

*********************************************
Executing for downloadStudentMasterData
Status Code is 404
Fail

*********************************************
Executing for removeAllStudentMasterData
Status Code is 200
Fail

*********************************************
Executing for removeAllStudentMasterData
Status Code is 200
Fail

*********************************************
Executing for removeFromStudentMaster
Status Code is 200
Pass

*********************************************
Executing for removeFromStudentMaster
Status Code is 200
Pass

*********************************************
Executing for removeFromStudentMaster
Status Code is 405
Pass

*********************************************
Executing for removeFromStudentMaster
Status Code is 200
Fail

*********************************************
Executing for removeFromStudentMaster
Status Code is 405
Pass

*********************************************
Executing for downloadTemplateForSubjectMapping
Status Code is 405
]]></system-out>
    <system-err><![CDATA[log4j:WARN No appenders could be found for logger (org.apache.http.impl.conn.BasicClientConnectionManager).
log4j:WARN Please initialize the log4j system properly.
java.net.ConnectException: Connection refused (Connection refused)
	at java.net.PlainSocketImpl.socketConnect(Native Method)
	at java.net.AbstractPlainSocketImpl.doConnect(AbstractPlainSocketImpl.java:350)
	at java.net.AbstractPlainSocketImpl.connectToAddress(AbstractPlainSocketImpl.java:206)
	at java.net.AbstractPlainSocketImpl.connect(AbstractPlainSocketImpl.java:188)
	at java.net.SocksSocketImpl.connect(SocksSocketImpl.java:392)
	at java.net.Socket.connect(Socket.java:589)
	at org.apache.http.conn.scheme.PlainSocketFactory.connectSocket(PlainSocketFactory.java:117)
	at org.apache.http.impl.conn.DefaultClientConnectionOperator.openConnection(DefaultClientConnectionOperator.java:177)
	at org.apache.http.impl.conn.ManagedClientConnectionImpl.open(ManagedClientConnectionImpl.java:304)
	at org.apache.http.impl.client.DefaultRequestDirector.tryConnect(DefaultRequestDirector.java:611)
	at org.apache.http.impl.client.DefaultRequestDirector.execute(DefaultRequestDirector.java:446)
	at org.apache.http.impl.client.AbstractHttpClient.doExecute(AbstractHttpClient.java:863)
	at org.apache.http.impl.client.CloseableHttpClient.execute(CloseableHttpClient.java:82)
	at org.apache.http.impl.client.CloseableHttpClient.execute(CloseableHttpClient.java:57)
	at org.apache.http.client.HttpClient$execute$0.call(Unknown Source)
	at com.jayway.restassured.internal.RequestSpecificationImpl$RestAssuredHttpBuilder.doRequest(RequestSpecificationImpl.groovy:1717)
	at com.jayway.restassured.internal.http.HTTPBuilder.doRequest(HTTPBuilder.java:482)
	at com.jayway.restassured.internal.http.HTTPBuilder.request(HTTPBuilder.java:431)
	at com.jayway.restassured.internal.http.HTTPBuilder$request$2.call(Unknown Source)
	at com.jayway.restassured.internal.RequestSpecificationImpl.sendHttpRequest(RequestSpecificationImpl.groovy:1233)
	at com.jayway.restassured.internal.RequestSpecificationImpl.this$2$sendHttpRequest(RequestSpecificationImpl.groovy)
	at sun.reflect.GeneratedMethodAccessor109.invoke(Unknown Source)
	at sun.reflect.DelegatingMethodAccessorImpl.invoke(DelegatingMethodAccessorImpl.java:43)
	at java.lang.reflect.Method.invoke(Method.java:498)
	at org.codehaus.groovy.reflection.CachedMethod.invoke(CachedMethod.java:90)
	at groovy.lang.MetaMethod.doMethodInvoke(MetaMethod.java:324)
	at groovy.lang.MetaClassImpl.invokeMethod(MetaClassImpl.java:1207)
	at groovy.lang.MetaClassImpl.invokeMethod(MetaClassImpl.java:1016)
	at groovy.lang.MetaClassImpl.invokeMethod(MetaClassImpl.java:807)
	at com.jayway.restassured.internal.RequestSpecificationImpl.invokeMethod(RequestSpecificationImpl.groovy)
	at org.codehaus.groovy.runtime.callsite.PogoInterceptableSite.call(PogoInterceptableSite.java:45)
	at org.codehaus.groovy.runtime.callsite.PogoInterceptableSite.callCurrent(PogoInterceptableSite.java:55)
	at com.jayway.restassured.internal.RequestSpecificationImpl.sendRequest(RequestSpecificationImpl.groovy:1075)
	at com.jayway.restassured.internal.RequestSpecificationImpl.this$2$sendRequest(RequestSpecificationImpl.groovy)
	at sun.reflect.GeneratedMethodAccessor68.invoke(Unknown Source)
	at sun.reflect.DelegatingMethodAccessorImpl.invoke(DelegatingMethodAccessorImpl.java:43)
	at java.lang.reflect.Method.invoke(Method.java:498)
	at org.codehaus.groovy.reflection.CachedMethod.invoke(CachedMethod.java:90)
	at groovy.lang.MetaMethod.doMethodInvoke(MetaMethod.java:324)
	at groovy.lang.MetaClassImpl.invokeMethod(MetaClassImpl.java:1207)
	at groovy.lang.MetaClassImpl.invokeMethod(MetaClassImpl.java:1016)
	at groovy.lang.MetaClassImpl.invokeMethod(MetaClassImpl.java:807)
	at com.jayway.restassured.internal.RequestSpecificationImpl.invokeMethod(RequestSpecificationImpl.groovy)
	at org.codehaus.groovy.runtime.callsite.PogoInterceptableSite.call(PogoInterceptableSite.java:45)
	at org.codehaus.groovy.runtime.callsite.AbstractCallSite.call(AbstractCallSite.java:128)
	at com.jayway.restassured.internal.filter.SendRequestFilter.filter(SendRequestFilter.groovy:31)
	at com.jayway.restassured.filter.Filter$filter.call(Unknown Source)
	at com.jayway.restassured.internal.filter.FilterContextImpl.next(FilterContextImpl.groovy:49)
	at com.jayway.restassured.filter.FilterContext$next.call(Unknown Source)
	at com.jayway.restassured.internal.RequestSpecificationImpl.invokeFilterChain(RequestSpecificationImpl.groovy:950)
	at sun.reflect.GeneratedMethodAccessor62.invoke(Unknown Source)
	at sun.reflect.DelegatingMethodAccessorImpl.invoke(DelegatingMethodAccessorImpl.java:43)
	at java.lang.reflect.Method.invoke(Method.java:498)
	at org.codehaus.groovy.reflection.CachedMethod.invoke(CachedMethod.java:90)
	at groovy.lang.MetaMethod.doMethodInvoke(MetaMethod.java:324)
	at groovy.lang.MetaClassImpl.invokeMethod(MetaClassImpl.java:1207)
	at groovy.lang.MetaClassImpl.invokeMethod(MetaClassImpl.java:1016)
	at groovy.lang.MetaClassImpl.invokeMethod(MetaClassImpl.java:807)
	at com.jayway.restassured.internal.RequestSpecificationImpl.invokeMethod(RequestSpecificationImpl.groovy)
	at org.codehaus.groovy.runtime.callsite.PogoInterceptableSite.call(PogoInterceptableSite.java:45)
	at org.codehaus.groovy.runtime.callsite.PogoInterceptableSite.callCurrent(PogoInterceptableSite.java:55)
	at org.codehaus.groovy.runtime.callsite.AbstractCallSite.callCurrent(AbstractCallSite.java:149)
	at com.jayway.restassured.internal.RequestSpecificationImpl.applyPathParamsAndSendRequest(RequestSpecificationImpl.groovy:1373)
	at com.jayway.restassured.internal.RequestSpecificationImpl.this$2$applyPathParamsAndSendRequest(RequestSpecificationImpl.groovy)
	at sun.reflect.GeneratedMethodAccessor60.invoke(Unknown Source)
	at sun.reflect.DelegatingMethodAccessorImpl.invoke(DelegatingMethodAccessorImpl.java:43)
	at java.lang.reflect.Method.invoke(Method.java:498)
	at org.codehaus.groovy.reflection.CachedMethod.invoke(CachedMethod.java:90)
	at groovy.lang.MetaMethod.doMethodInvoke(MetaMethod.java:324)
	at groovy.lang.MetaClassImpl.invokeMethod(MetaClassImpl.java:1207)
	at groovy.lang.MetaClassImpl.invokeMethod(MetaClassImpl.java:1016)
	at groovy.lang.MetaClassImpl.invokeMethod(MetaClassImpl.java:807)
	at com.jayway.restassured.internal.RequestSpecificationImpl.invokeMethod(RequestSpecificationImpl.groovy)
	at org.codehaus.groovy.runtime.callsite.PogoInterceptableSite.call(PogoInterceptableSite.java:45)
	at org.codehaus.groovy.runtime.callsite.PogoInterceptableSite.callCurrent(PogoInterceptableSite.java:55)
	at org.codehaus.groovy.runtime.callsite.AbstractCallSite.callCurrent(AbstractCallSite.java:149)
	at com.jayway.restassured.internal.RequestSpecificationImpl.get(RequestSpecificationImpl.groovy:151)
	at com.jayway.restassured.internal.RequestSpecificationImpl.get(RequestSpecificationImpl.groovy)
	at flip.api.businesslayer.BusinessLayer.App.hitGetRequest(App.java:172)
	at flip.api.businesslayer.BusinessLayer.AppTest.executeAndVerifyResult(AppTest.java:51)
	at sun.reflect.NativeMethodAccessorImpl.invoke0(Native Method)
	at sun.reflect.NativeMethodAccessorImpl.invoke(NativeMethodAccessorImpl.java:62)
	at sun.reflect.DelegatingMethodAccessorImpl.invoke(DelegatingMethodAccessorImpl.java:43)
	at java.lang.reflect.Method.invoke(Method.java:498)
	at org.testng.internal.MethodInvocationHelper.invokeMethod(MethodInvocationHelper.java:108)
	at org.testng.internal.Invoker.invokeMethod(Invoker.java:661)
	at org.testng.internal.Invoker.invokeTestMethod(Invoker.java:869)
	at org.testng.internal.Invoker.invokeTestMethods(Invoker.java:1193)
	at org.testng.internal.TestMethodWorker.invokeTestMethods(TestMethodWorker.java:126)
	at org.testng.internal.TestMethodWorker.run(TestMethodWorker.java:109)
	at org.testng.TestRunner.privateRun(TestRunner.java:744)
	at org.testng.TestRunner.run(TestRunner.java:602)
	at org.testng.SuiteRunner.runTest(SuiteRunner.java:380)
	at org.testng.SuiteRunner.access$000(SuiteRunner.java:39)
	at org.testng.SuiteRunner$SuiteWorker.run(SuiteRunner.java:414)
	at org.testng.internal.thread.ThreadUtil$1.call(ThreadUtil.java:52)
	at java.util.concurrent.FutureTask.run(FutureTask.java:266)
	at java.util.concurrent.ThreadPoolExecutor.runWorker(ThreadPoolExecutor.java:1149)
	at java.util.concurrent.ThreadPoolExecutor$Worker.run(ThreadPoolExecutor.java:624)
	at java.lang.Thread.run(Thread.java:748)
]]></system-err>
  </testcase>
</testsuite>