<?xml version="1.0" encoding="UTF-8"?>
<testng-results skipped="0" failed="0" total="2" passed="2">
  <reporter-output>
  </reporter-output>
  <suite name="flip.api.businesslayer.BusinessLayer.AppTest" duration-ms="34587" started-at="2017-09-12T10:50:23Z" finished-at="2017-09-12T10:50:58Z">
    <groups>
    </groups>
    <test name="Command line test" duration-ms="34587" started-at="2017-09-12T10:50:23Z" finished-at="2017-09-12T10:50:58Z">
      <class name="flip.api.businesslayer.BusinessLayer.AppTest">
        <test-method status="PASS" signature="initialize()[pri:0, instance:flip.api.businesslayer.BusinessLayer.AppTest@7921b0a2]" name="initialize" is-config="true" duration-ms="269" started-at="2017-09-12T16:20:23Z" finished-at="2017-09-12T16:20:24Z">
          <reporter-output>
          </reporter-output>
        </test-method> <!-- initialize -->
        <test-method status="PASS" signature="loginRequest()[pri:0, instance:flip.api.businesslayer.BusinessLayer.AppTest@7921b0a2]" name="loginRequest" duration-ms="33464" started-at="2017-09-12T16:20:24Z" finished-at="2017-09-12T16:20:57Z">
          <reporter-output>
          </reporter-output>
        </test-method> <!-- loginRequest -->
        <test-method status="PASS" signature="getUserProfile()[pri:0, instance:flip.api.businesslayer.BusinessLayer.AppTest@7921b0a2]" name="getUserProfile" duration-ms="844" started-at="2017-09-12T16:20:57Z" finished-at="2017-09-12T16:20:58Z">
          <reporter-output>
          </reporter-output>
        </test-method> <!-- getUserProfile -->
      </class> <!-- flip.api.businesslayer.BusinessLayer.AppTest -->
    </test> <!-- Command line test -->
  </suite> <!-- flip.api.businesslayer.BusinessLayer.AppTest -->
</testng-results>
