<?xml version="1.0" encoding="UTF-8"?>
<!-- Generated by org.testng.reporters.JUnitXMLReporter -->
<testsuite hostname="Satyas-MacBook-Air.local" name="Command line test" tests="26" failures="1" timestamp="15 Sep 2017 06:11:27 GMT" time="31.563" errors="0">
  <testcase name="addBulkSectionsForClass" time="0.001" classname="flip.api.businesslayer.BusinessLayer.AppTest"/>
  <testcase name="addBulkSubjectsForSchool" time="0.0" classname="flip.api.businesslayer.BusinessLayer.AppTest"/>
  <testcase name="addClass" time="7.303" classname="flip.api.businesslayer.BusinessLayer.AppTest"/>
  <testcase name="checkifLoginIdExists" time="1.489" classname="flip.api.businesslayer.BusinessLayer.AppTest"/>
  <testcase name="getClassTeacherDetailsBySectionCodes" time="1.575" classname="flip.api.businesslayer.BusinessLayer.AppTest"/>
  <testcase name="getClassesBySchoolCode" time="2.038" classname="flip.api.businesslayer.BusinessLayer.AppTest"/>
  <testcase name="getFlipMasterSubjectList" time="0.891" classname="flip.api.businesslayer.BusinessLayer.AppTest"/>
  <testcase name="getInviteCodesForRoles" time="2.03" classname="flip.api.businesslayer.BusinessLayer.AppTest"/>
  <testcase name="getSchoolDetailBySchoolInviteCode" time="1.152" classname="flip.api.businesslayer.BusinessLayer.AppTest"/>
  <testcase name="getSectionsWithSubjectsByClass" time="1.218" classname="flip.api.businesslayer.BusinessLayer.AppTest"/>
  <testcase name="getStaticContent" time="0.942" classname="flip.api.businesslayer.BusinessLayer.AppTest"/>
  <testcase name="getUserByEmail" time="1.31" classname="flip.api.businesslayer.BusinessLayer.AppTest"/>
  <testcase name="getUserByMobile" time="1.297" classname="flip.api.businesslayer.BusinessLayer.AppTest"/>
  <testcase name="getUserByUuid" time="1.794" classname="flip.api.businesslayer.BusinessLayer.AppTest">
    <failure type="org.json.JSONException" message="JSONObject[&amp;quot;user&amp;quot;] not found.">
      <![CDATA[org.json.JSONException: JSONObject["user"] not found.
	at org.json.JSONObject.get(JSONObject.java:472)
	at org.json.JSONObject.getJSONArray(JSONObject.java:619)
	at flip.api.businesslayer.BusinessLayer.AppTest.getUserByUuid(AppTest.java:221)
	at org.apache.maven.surefire.testng.TestNGExecutor.run(TestNGExecutor.java:77)
	at org.apache.maven.surefire.testng.TestNGDirectoryTestSuite.execute(TestNGDirectoryTestSuite.java:110)
	at org.apache.maven.surefire.testng.TestNGProvider.invoke(TestNGProvider.java:106)
	at org.apache.maven.surefire.util.ReflectionUtils.invokeMethodWithArray(ReflectionUtils.java:189)
	at org.apache.maven.surefire.booter.ProviderFactory$ProviderProxy.invoke(ProviderFactory.java:165)
	at org.apache.maven.surefire.booter.ProviderFactory.invokeProvider(ProviderFactory.java:85)
	at org.apache.maven.surefire.booter.ForkedBooter.runSuitesInProcess(ForkedBooter.java:115)
	at org.apache.maven.surefire.booter.ForkedBooter.main(ForkedBooter.java:75)
... Removed 25 stack frames]]>
    </failure>
  </testcase> <!-- getUserByUuid -->
  <testcase name="getUserProfileAccountView" time="1.091" classname="flip.api.businesslayer.BusinessLayer.AppTest"/>
  <testcase name="isUserLoggedIn" time="1.702" classname="flip.api.businesslayer.BusinessLayer.AppTest"/>
  <testcase name="sendEmailVerificationCode" time="0.0" classname="flip.api.businesslayer.BusinessLayer.AppTest"/>
  <testcase name="sendMobileVerificationCode" time="0.001" classname="flip.api.businesslayer.BusinessLayer.AppTest"/>
  <testcase name="setForgetUserPassword" time="0.0" classname="flip.api.businesslayer.BusinessLayer.AppTest"/>
  <testcase name="setUserPassword" time="2.319" classname="flip.api.businesslayer.BusinessLayer.AppTest"/>
  <testcase name="unlinkParentToStudent" time="0.0" classname="flip.api.businesslayer.BusinessLayer.AppTest"/>
  <testcase name="verifyEmailViaOtp" time="0.001" classname="flip.api.businesslayer.BusinessLayer.AppTest"/>
  <testcase name="verifyForgotPasswordCode" time="0.0" classname="flip.api.businesslayer.BusinessLayer.AppTest"/>
  <testcase name="verifyMobileViaOtp" time="0.001" classname="flip.api.businesslayer.BusinessLayer.AppTest"/>
  <testcase name="loginRequest" time="1.943" classname="flip.api.businesslayer.BusinessLayer.AppTest"/>
  <testcase name="getUserProfile" time="1.137" classname="flip.api.businesslayer.BusinessLayer.AppTest"/>
</testsuite> <!-- Command line test -->
