<?xml version="1.0" encoding="UTF-8"?>
<testng-results total="2" passed="2" failed="0" skipped="0">
  <reporter-output>
  </reporter-output>
  <suite started-at="2021-04-28T07:32:11Z" name="Default suite" finished-at="2021-04-28T07:32:19Z" duration-ms="8360">
    <groups>
    </groups>
    <test started-at="2021-04-28T07:32:11Z" name="Default test" finished-at="2021-04-28T07:32:19Z" duration-ms="8360">
      <class name="com.flipLearn.BL.tests.ApiTests">
        <test-method is-config="true" signature="initialize()[pri:0, instance:com.flipLearn.BL.tests.ApiTests@53251a66]" started-at="2021-04-28T13:02:11Z" name="initialize" finished-at="2021-04-28T13:02:11Z" duration-ms="408" status="PASS">
          <reporter-output>
          </reporter-output>
        </test-method> <!-- initialize -->
        <test-method signature="loginRequest()[pri:0, instance:com.flipLearn.BL.tests.ApiTests@53251a66]" started-at="2021-04-28T13:02:11Z" name="loginRequest" finished-at="2021-04-28T13:02:19Z" duration-ms="7447" status="PASS">
          <reporter-output>
          </reporter-output>
        </test-method> <!-- loginRequest -->
        <test-method signature="getUserProfile()[pri:0, instance:com.flipLearn.BL.tests.ApiTests@53251a66]" started-at="2021-04-28T13:02:19Z" name="getUserProfile" finished-at="2021-04-28T13:02:19Z" duration-ms="467" status="PASS">
          <reporter-output>
          </reporter-output>
        </test-method> <!-- getUserProfile -->
      </class> <!-- com.flipLearn.BL.tests.ApiTests -->
    </test> <!-- Default test -->
  </suite> <!-- Default suite -->
</testng-results>
