<?xml version="1.0" encoding="UTF-8"?>
<testng-results skipped="0" failed="0" total="2" passed="2">
  <reporter-output>
  </reporter-output>
  <suite name="Default suite" duration-ms="7157" started-at="2017-09-06T18:01:19Z" finished-at="2017-09-06T18:01:26Z">
    <groups>
    </groups>
    <test name="Default test" duration-ms="7157" started-at="2017-09-06T18:01:19Z" finished-at="2017-09-06T18:01:26Z">
      <class name="com.flipLearn.BL.tests.AppTest">
        <test-method status="PASS" signature="loginRequest()[pri:0, instance:com.flipLearn.BL.tests.AppTest@548e7350]" name="loginRequest" duration-ms="2352" started-at="2017-09-06T23:31:19Z" finished-at="2017-09-06T23:31:22Z">
          <reporter-output>
          </reporter-output>
        </test-method> <!-- loginRequest -->
        <test-method status="PASS" signature="getUserProfile()[pri:0, instance:com.flipLearn.BL.tests.AppTest@548e7350]" name="getUserProfile" duration-ms="4770" started-at="2017-09-06T23:31:22Z" finished-at="2017-09-06T23:31:26Z">
          <reporter-output>
          </reporter-output>
        </test-method> <!-- getUserProfile -->
      </class> <!-- com.flipLearn.BL.tests.AppTest -->
    </test> <!-- Default test -->
  </suite> <!-- Default suite -->
</testng-results>
