<?xml version="1.0" encoding="UTF-8"?>
<!-- Generated by org.testng.reporters.JUnitXMLReporter -->
<testsuite hostname="Satyas-MacBook-Air.local" ignored="0" name="Test" tests="1" failures="1" timestamp="30 Oct 2017 07:58:39 GMT" time="102.836" errors="0">
  <testcase name="executeAndVerifyResult" time="102.805" classname="flip.api.businesslayer.BusinessLayer.AppTest">
    <failure type="java.lang.NullPointerException">
      <![CDATA[java.lang.NullPointerException
	at flip.api.businesslayer.BusinessLayer.AppTest.executeAndVerifyResult(AppTest.java:56)
	at java.util.concurrent.FutureTask.run(FutureTask.java:266)
	at java.util.concurrent.ThreadPoolExecutor.runWorker(ThreadPoolExecutor.java:1149)
	at java.util.concurrent.ThreadPoolExecutor$Worker.run(ThreadPoolExecutor.java:624)
	at java.lang.Thread.run(Thread.java:748)
... Removed 16 stack frames]]>
    </failure>
  </testcase> <!-- executeAndVerifyResult -->
</testsuite> <!-- Test -->
